{"timestamp": "2025-10-17 16:53:22,091", "level": "INFO", "logger": "main", "message": "Starting up the Form API application.", "module": "main", "function": "startup_event", "line": 35}
{"timestamp": "2025-10-17 16:53:45,934", "level": "INFO", "logger": "main", "message": "Incoming request: GET http://127.0.0.1:8000/component_versions/test", "module": "main", "function": "log_requests", "line": 23}
{"timestamp": "2025-10-17 16:53:45,936", "level": "INFO", "logger": "routers.component_version_api", "message": "Component versions test endpoint called.", "module": "component_version_api", "function": "test_component_version_endpoint", "line": 19}
{"timestamp": "2025-10-17 16:53:45,937", "level": "INFO", "logger": "main", "message": "Response status: 200 for GET http://127.0.0.1:8000/component_versions/test", "module": "main", "function": "log_requests", "line": 26}
{"timestamp": "2025-10-17 17:00:16,944", "level": "INFO", "logger": "main", "message": "Shutting down the Form API application.", "module": "main", "function": "shutdown_event", "line": 39}
{"timestamp": "2025-10-17 17:00:17,568", "level": "INFO", "logger": "main", "message": "Starting up the Form API application.", "module": "main", "function": "startup_event", "line": 35}
{"timestamp": "2025-10-17 17:03:49,518", "level": "INFO", "logger": "main", "message": "Shutting down the Form API application.", "module": "main", "function": "shutdown_event", "line": 39}
{"timestamp": "2025-10-17 17:03:50,139", "level": "INFO", "logger": "main", "message": "Starting up the Form API application.", "module": "main", "function": "startup_event", "line": 35}
{"timestamp": "2025-10-17 17:04:01,910", "level": "INFO", "logger": "main", "message": "Incoming request: GET http://127.0.0.1:8000/component_versions/test", "module": "main", "function": "log_requests", "line": 23}
{"timestamp": "2025-10-17 17:04:01,912", "level": "INFO", "logger": "routers.component_version_api", "message": "Component versions test endpoint called.", "module": "component_version_api", "function": "test_component_version_endpoint", "line": 19}
{"timestamp": "2025-10-17 17:04:01,913", "level": "INFO", "logger": "main", "message": "Response status: 200 for GET http://127.0.0.1:8000/component_versions/test", "module": "main", "function": "log_requests", "line": 26}
{"timestamp": "2025-10-17 17:08:48,409", "level": "INFO", "logger": "main", "message": "Incoming request: POST http://127.0.0.1:8000/component_versions/versions", "module": "main", "function": "log_requests", "line": 23}
{"timestamp": "2025-10-17 17:08:48,419", "level": "INFO", "logger": "routers.component_version_api", "message": "Received request to create or update component version.", "module": "component_version_api", "function": "create_or_update_component_version", "line": 31}
{"timestamp": "2025-10-17 17:08:48,420", "level": "INFO", "logger": "routers.component_version_api", "message": "Creating new component version.", "module": "component_version_api", "function": "create_or_update_component_version", "line": 41}
{"timestamp": "2025-10-17 17:08:48,420", "level": "INFO", "logger": "routers.data_layer.component_versions", "message": "Starting component version creation.", "module": "component_versions", "function": "create_component_version", "line": 18}
{"timestamp": "2025-10-17 17:08:48,580", "level": "INFO", "logger": "routers.data_layer.component_versions", "message": "Successfully created component version with ID: 2", "module": "component_versions", "function": "create_component_version", "line": 66}
{"timestamp": "2025-10-17 17:08:48,580", "level": "INFO", "logger": "routers.component_version_api", "message": "Component version successfully created with ID: 2", "module": "component_version_api", "function": "create_or_update_component_version", "line": 44}
{"timestamp": "2025-10-17 17:08:48,581", "level": "INFO", "logger": "main", "message": "Response status: 200 for POST http://127.0.0.1:8000/component_versions/versions", "module": "main", "function": "log_requests", "line": 26}
{"timestamp": "2025-10-17 17:25:23,800", "level": "INFO", "logger": "main", "message": "Incoming request: POST http://127.0.0.1:8000/component_versions/versions", "module": "main", "function": "log_requests", "line": 23}
{"timestamp": "2025-10-17 17:25:23,807", "level": "INFO", "logger": "routers.component_version_api", "message": "Received request to create or update component version.", "module": "component_version_api", "function": "create_or_update_component_version", "line": 31}
{"timestamp": "2025-10-17 17:25:23,808", "level": "INFO", "logger": "routers.component_version_api", "message": "Creating new component version.", "module": "component_version_api", "function": "create_or_update_component_version", "line": 41}
{"timestamp": "2025-10-17 17:25:23,808", "level": "INFO", "logger": "routers.data_layer.component_versions", "message": "Starting component version creation.", "module": "component_versions", "function": "create_component_version", "line": 18}
{"timestamp": "2025-10-17 17:25:23,904", "level": "ERROR", "logger": "routers.data_layer.component_versions", "message": "Error creating component version: duplicate key value violates unique constraint \"component_versions_component_id_version_number_key\"\nDETAIL:  Key (component_id, version_number)=(2, 1) already exists.\n, exc_info=True", "module": "component_versions", "function": "create_component_version", "line": 74}
{"timestamp": "2025-10-17 17:25:23,905", "level": "ERROR", "logger": "routers.component_version_api", "message": "Error processing component version: Error creating component version: duplicate key value violates unique constraint \"component_versions_component_id_version_number_key\"\nDETAIL:  Key (component_id, version_number)=(2, 1) already exists.\n", "module": "component_version_api", "function": "create_or_update_component_version", "line": 53, "exception": "Traceback (most recent call last):\n  File \"/Users/agustin/Documents/Python/TestAPI/routers/data_layer/component_versions.py\", line 37, in create_component_version\n    cursor.execute('''\n    ~~~~~~~~~~~~~~^^^^\n        INSERT INTO form_definition.component_versions (\n        ^^^^^^^^^^^^^^^^^^^^^^^^^^^^^^^^^^^^^^^^^^^^^^^^\n    ...<17 lines>...\n          json.dumps(component_version.service_bindings),\n          ^^^^^^^^^^^^^^^^^^^^^^^^^^^^^^^^^^^^^^^^^^^^^^^\n          ))\n          ^^\n  File \"/Users/agustin/Documents/Python/TestAPI/venv/lib/python3.13/site-packages/psycopg2/extras.py\", line 236, in execute\n    return super().execute(query, vars)\n           ~~~~~~~~~~~~~~~^^^^^^^^^^^^^\npsycopg2.errors.UniqueViolation: duplicate key value violates unique constraint \"component_versions_component_id_version_number_key\"\nDETAIL:  Key (component_id, version_number)=(2, 1) already exists.\n\n\nDuring handling of the above exception, another exception occurred:\n\nTraceback (most recent call last):\n  File \"/Users/agustin/Documents/Python/TestAPI/routers/component_version_api.py\", line 43, in create_or_update_component_version\n    new_version = create_component_version(component_version)\n  File \"/Users/agustin/Documents/Python/TestAPI/routers/data_layer/component_versions.py\", line 80, in create_component_version\n    raise Exception(f\"Error creating component version: {str(e)}\")\nException: Error creating component version: duplicate key value violates unique constraint \"component_versions_component_id_version_number_key\"\nDETAIL:  Key (component_id, version_number)=(2, 1) already exists.\n"}
{"timestamp": "2025-10-17 17:25:23,915", "level": "INFO", "logger": "main", "message": "Response status: 500 for POST http://127.0.0.1:8000/component_versions/versions", "module": "main", "function": "log_requests", "line": 26}
{"timestamp": "2025-10-17 17:27:36,079", "level": "INFO", "logger": "main", "message": "Incoming request: POST http://127.0.0.1:8000/component_versions/versions", "module": "main", "function": "log_requests", "line": 23}
{"timestamp": "2025-10-17 17:27:36,090", "level": "INFO", "logger": "routers.component_version_api", "message": "Received request to create or update component version.", "module": "component_version_api", "function": "create_or_update_component_version", "line": 31}
{"timestamp": "2025-10-17 17:27:36,090", "level": "INFO", "logger": "routers.component_version_api", "message": "Creating new component version.", "module": "component_version_api", "function": "create_or_update_component_version", "line": 41}
{"timestamp": "2025-10-17 17:27:36,091", "level": "INFO", "logger": "routers.data_layer.component_versions", "message": "Starting component version creation.", "module": "component_versions", "function": "create_component_version", "line": 18}
{"timestamp": "2025-10-17 17:27:36,117", "level": "INFO", "logger": "routers.data_layer.component_versions", "message": "Successfully created component version with ID: 4", "module": "component_versions", "function": "create_component_version", "line": 66}
{"timestamp": "2025-10-17 17:27:36,117", "level": "INFO", "logger": "routers.component_version_api", "message": "Component version successfully created with ID: 4", "module": "component_version_api", "function": "create_or_update_component_version", "line": 44}
{"timestamp": "2025-10-17 17:27:36,118", "level": "INFO", "logger": "main", "message": "Response status: 200 for POST http://127.0.0.1:8000/component_versions/versions", "module": "main", "function": "log_requests", "line": 26}
{"timestamp": "2025-10-17 17:32:50,077", "level": "INFO", "logger": "main", "message": "Shutting down the Form API application.", "module": "main", "function": "shutdown_event", "line": 39}
{"timestamp": "2025-10-17 17:32:50,723", "level": "INFO", "logger": "main", "message": "Starting up the Form API application.", "module": "main", "function": "startup_event", "line": 35}
{"timestamp": "2025-10-17 17:33:25,031", "level": "INFO", "logger": "main", "message": "Incoming request: POST http://127.0.0.1:8000/component_versions/versions", "module": "main", "function": "log_requests", "line": 23}
{"timestamp": "2025-10-17 17:33:25,035", "level": "INFO", "logger": "main", "message": "Response status: 422 for POST http://127.0.0.1:8000/component_versions/versions", "module": "main", "function": "log_requests", "line": 26}
{"timestamp": "2025-10-17 17:36:15,847", "level": "INFO", "logger": "main", "message": "Shutting down the Form API application.", "module": "main", "function": "shutdown_event", "line": 39}
{"timestamp": "2025-10-17 17:36:16,486", "level": "INFO", "logger": "main", "message": "Starting up the Form API application.", "module": "main", "function": "startup_event", "line": 35}
{"timestamp": "2025-10-17 17:36:25,830", "level": "INFO", "logger": "main", "message": "Incoming request: POST http://127.0.0.1:8000/component_versions/versions", "module": "main", "function": "log_requests", "line": 23}
{"timestamp": "2025-10-17 17:36:25,834", "level": "INFO", "logger": "main", "message": "Response status: 422 for POST http://127.0.0.1:8000/component_versions/versions", "module": "main", "function": "log_requests", "line": 26}
{"timestamp": "2025-10-17 17:38:26,251", "level": "INFO", "logger": "main", "message": "Incoming request: POST http://127.0.0.1:8000/component_versions/versions", "module": "main", "function": "log_requests", "line": 23}
{"timestamp": "2025-10-17 17:38:26,260", "level": "INFO", "logger": "main", "message": "Response status: 422 for POST http://127.0.0.1:8000/component_versions/versions", "module": "main", "function": "log_requests", "line": 26}
{"timestamp": "2025-10-17 17:46:14,597", "level": "INFO", "logger": "main", "message": "Shutting down the Form API application.", "module": "main", "function": "shutdown_event", "line": 39}
{"timestamp": "2025-10-17 17:46:15,152", "level": "INFO", "logger": "main", "message": "Starting up the Form API application.", "module": "main", "function": "startup_event", "line": 35}
{"timestamp": "2025-10-17 17:46:16,771", "level": "INFO", "logger": "main", "message": "Incoming request: POST http://127.0.0.1:8000/component_versions/versions", "module": "main", "function": "log_requests", "line": 23}
{"timestamp": "2025-10-17 17:46:16,778", "level": "INFO", "logger": "main", "message": "Response status: 422 for POST http://127.0.0.1:8000/component_versions/versions", "module": "main", "function": "log_requests", "line": 26}
{"timestamp": "2025-10-17 17:49:21,524", "level": "INFO", "logger": "main", "message": "Shutting down the Form API application.", "module": "main", "function": "shutdown_event", "line": 39}
{"timestamp": "2025-10-17 17:49:22,199", "level": "INFO", "logger": "main", "message": "Starting up the Form API application.", "module": "main", "function": "startup_event", "line": 35}
{"timestamp": "2025-10-17 17:49:24,672", "level": "INFO", "logger": "main", "message": "Incoming request: POST http://127.0.0.1:8000/component_versions/versions", "module": "main", "function": "log_requests", "line": 23}
{"timestamp": "2025-10-17 17:49:24,674", "level": "INFO", "logger": "routers.component_version_api", "message": "Received request to create or update component version.", "module": "component_version_api", "function": "create_or_update_component_version", "line": 38}
{"timestamp": "2025-10-17 17:49:24,674", "level": "INFO", "logger": "routers.component_version_api", "message": "Creating new component version.", "module": "component_version_api", "function": "create_or_update_component_version", "line": 52}
{"timestamp": "2025-10-17 17:49:24,674", "level": "INFO", "logger": "routers.data_layer.component_versions", "message": "Starting component version creation.", "module": "component_versions", "function": "create_component_version", "line": 18}
{"timestamp": "2025-10-17 17:49:24,800", "level": "INFO", "logger": "routers.data_layer.component_versions", "message": "Successfully created component version with ID: 5", "module": "component_versions", "function": "create_component_version", "line": 72}
{"timestamp": "2025-10-17 17:49:24,801", "level": "INFO", "logger": "routers.component_version_api", "message": "Component version successfully created with ID: 5", "module": "component_version_api", "function": "create_or_update_component_version", "line": 55}
{"timestamp": "2025-10-17 17:49:24,801", "level": "INFO", "logger": "main", "message": "Response status: 200 for POST http://127.0.0.1:8000/component_versions/versions", "module": "main", "function": "log_requests", "line": 26}
{"timestamp": "2025-10-17 17:55:45,747", "level": "INFO", "logger": "main", "message": "Incoming request: POST http://127.0.0.1:8000/component_versions/versions", "module": "main", "function": "log_requests", "line": 23}
{"timestamp": "2025-10-17 17:55:45,752", "level": "INFO", "logger": "routers.component_version_api", "message": "Received request to create or update component version.", "module": "component_version_api", "function": "create_or_update_component_version", "line": 38}
{"timestamp": "2025-10-17 17:55:45,752", "level": "INFO", "logger": "routers.component_version_api", "message": "Creating new component version.", "module": "component_version_api", "function": "create_or_update_component_version", "line": 52}
{"timestamp": "2025-10-17 17:55:45,753", "level": "INFO", "logger": "routers.data_layer.component_versions", "message": "Starting component version creation.", "module": "component_versions", "function": "create_component_version", "line": 18}
{"timestamp": "2025-10-17 17:55:45,781", "level": "INFO", "logger": "routers.data_layer.component_versions", "message": "Successfully created component version with ID: 6", "module": "component_versions", "function": "create_component_version", "line": 72}
{"timestamp": "2025-10-17 17:55:45,781", "level": "INFO", "logger": "routers.component_version_api", "message": "Component version successfully created with ID: 6", "module": "component_version_api", "function": "create_or_update_component_version", "line": 55}
{"timestamp": "2025-10-17 17:55:45,782", "level": "INFO", "logger": "main", "message": "Response status: 200 for POST http://127.0.0.1:8000/component_versions/versions", "module": "main", "function": "log_requests", "line": 26}
{"timestamp": "2025-10-17 17:55:49,276", "level": "INFO", "logger": "main", "message": "Incoming request: POST http://127.0.0.1:8000/component_versions/versions", "module": "main", "function": "log_requests", "line": 23}
{"timestamp": "2025-10-17 17:55:49,278", "level": "INFO", "logger": "routers.component_version_api", "message": "Received request to create or update component version.", "module": "component_version_api", "function": "create_or_update_component_version", "line": 38}
{"timestamp": "2025-10-17 17:55:49,279", "level": "INFO", "logger": "routers.component_version_api", "message": "Creating new component version.", "module": "component_version_api", "function": "create_or_update_component_version", "line": 52}
{"timestamp": "2025-10-17 17:55:49,279", "level": "INFO", "logger": "routers.data_layer.component_versions", "message": "Starting component version creation.", "module": "component_versions", "function": "create_component_version", "line": 18}
{"timestamp": "2025-10-17 17:55:49,296", "level": "INFO", "logger": "routers.data_layer.component_versions", "message": "Successfully created component version with ID: 7", "module": "component_versions", "function": "create_component_version", "line": 72}
{"timestamp": "2025-10-17 17:55:49,296", "level": "INFO", "logger": "routers.component_version_api", "message": "Component version successfully created with ID: 7", "module": "component_version_api", "function": "create_or_update_component_version", "line": 55}
{"timestamp": "2025-10-17 17:55:49,297", "level": "INFO", "logger": "main", "message": "Response status: 200 for POST http://127.0.0.1:8000/component_versions/versions", "module": "main", "function": "log_requests", "line": 26}
{"timestamp": "2025-10-17 17:56:52,550", "level": "INFO", "logger": "main", "message": "Shutting down the Form API application.", "module": "main", "function": "shutdown_event", "line": 39}
{"timestamp": "2025-10-17 17:56:53,151", "level": "INFO", "logger": "main", "message": "Starting up the Form API application.", "module": "main", "function": "startup_event", "line": 35}
{"timestamp": "2025-10-17 17:56:57,888", "level": "INFO", "logger": "main", "message": "Incoming request: POST http://127.0.0.1:8000/component_versions/versions", "module": "main", "function": "log_requests", "line": 23}
{"timestamp": "2025-10-17 17:56:57,890", "level": "INFO", "logger": "routers.component_version_api", "message": "Received request to create or update component version.", "module": "component_version_api", "function": "create_or_update_component_version", "line": 38}
{"timestamp": "2025-10-17 17:56:57,890", "level": "INFO", "logger": "routers.component_version_api", "message": "Creating new component version.", "module": "component_version_api", "function": "create_or_update_component_version", "line": 52}
{"timestamp": "2025-10-17 17:56:57,890", "level": "INFO", "logger": "routers.data_layer.component_versions", "message": "Starting component version creation.", "module": "component_versions", "function": "create_component_version", "line": 18}
{"timestamp": "2025-10-17 17:56:57,923", "level": "DEBUG", "logger": "routers.data_layer.component_versions", "message": "Next version number for component ID 2 is 5", "module": "component_versions", "function": "create_component_version", "line": 29}
{"timestamp": "2025-10-17 17:56:57,923", "level": "DEBUG", "logger": "routers.data_layer.component_versions", "message": "Component definition to be inserted: {'default_props': {'label': 'RUT', 'placeholder': 'Enter a RUT'}, 'validation_config': {'required': True, 'pattern': '.+@.+'}, 'service_bindings': {'endpoint': 'email-validation-service'}}", "module": "component_versions", "function": "create_component_version", "line": 40}
{"timestamp": "2025-10-17 17:56:57,927", "level": "INFO", "logger": "routers.data_layer.component_versions", "message": "Successfully created component version with ID: 8", "module": "component_versions", "function": "create_component_version", "line": 72}
{"timestamp": "2025-10-17 17:56:57,927", "level": "DEBUG", "logger": "routers.data_layer.component_versions", "message": "Database connection closed.", "module": "component_versions", "function": "create_component_version", "line": 92}
{"timestamp": "2025-10-17 17:56:57,927", "level": "INFO", "logger": "routers.component_version_api", "message": "Component version successfully created with ID: 8", "module": "component_version_api", "function": "create_or_update_component_version", "line": 55}
{"timestamp": "2025-10-17 17:56:57,928", "level": "INFO", "logger": "main", "message": "Response status: 200 for POST http://127.0.0.1:8000/component_versions/versions", "module": "main", "function": "log_requests", "line": 26}
{"timestamp": "2025-10-17 18:07:48,791", "level": "INFO", "logger": "main", "message": "Shutting down the Form API application.", "module": "main", "function": "shutdown_event", "line": 39}
{"timestamp": "2025-10-17 18:07:49,366", "level": "INFO", "logger": "main", "message": "Starting up the Form API application.", "module": "main", "function": "startup_event", "line": 35}
